<?xml version="1.0" encoding="UTF-8"?>
<testng-results ignored="0" total="1" passed="1" failed="0" skipped="0">
  <reporter-output>
    <line>
      <![CDATA[databse connected]]>
    </line>
    <line>
      <![CDATA[browser launched]]>
    </line>
    <line>
      <![CDATA[logged in]]>
    </line>
    <line>
      <![CDATA[logged out]]>
    </line>
    <line>
      <![CDATA[browser closed]]>
    </line>
    <line>
      <![CDATA[database discoonected]]>
    </line>
  </reporter-output>
  <suite started-at="2023-06-05T10:13:39 IST" name="Default suite" finished-at="2023-06-05T10:14:10 IST" duration-ms="31033">
    <groups>
    </groups>
    <test started-at="2023-06-05T10:13:39 IST" name="Default test" finished-at="2023-06-05T10:14:10 IST" duration-ms="31033">
      <class name="com.Actitime.TestScripts.Create_Customer">
        <test-method is-config="true" signature="dataBaseConnection()[pri:0, instance:com.Actitime.TestScripts.Create_Customer@f736069]" started-at="2023-06-05T10:13:39 IST" name="dataBaseConnection" finished-at="2023-06-05T10:13:39 IST" duration-ms="4" status="PASS">
          <reporter-output>
            <line>
              <![CDATA[databse connected]]>
            </line>
          </reporter-output>
        </test-method> <!-- dataBaseConnection -->
        <test-method is-config="true" signature="launchTheBrowser()[pri:0, instance:com.Actitime.TestScripts.Create_Customer@f736069]" started-at="2023-06-05T10:13:39 IST" name="launchTheBrowser" finished-at="2023-06-05T10:13:51 IST" duration-ms="11513" status="PASS">
          <reporter-output>
            <line>
              <![CDATA[browser launched]]>
            </line>
          </reporter-output>
        </test-method> <!-- launchTheBrowser -->
        <test-method is-config="true" signature="logIn()[pri:0, instance:com.Actitime.TestScripts.Create_Customer@f736069]" started-at="2023-06-05T10:13:51 IST" name="logIn" finished-at="2023-06-05T10:13:51 IST" duration-ms="293" status="PASS">
          <reporter-output>
            <line>
              <![CDATA[logged in]]>
            </line>
          </reporter-output>
        </test-method> <!-- logIn -->
        <test-method signature="createCustomer()[pri:0, instance:com.Actitime.TestScripts.Create_Customer@f736069]" started-at="2023-06-05T10:13:51 IST" name="createCustomer" finished-at="2023-06-05T10:14:08 IST" duration-ms="16567" status="PASS">
          <reporter-output>
          </reporter-output>
        </test-method> <!-- createCustomer -->
        <test-method is-config="true" signature="logOut()[pri:0, instance:com.Actitime.TestScripts.Create_Customer@f736069]" started-at="2023-06-05T10:14:08 IST" name="logOut" finished-at="2023-06-05T10:14:10 IST" duration-ms="2444" status="PASS">
          <reporter-output>
            <line>
              <![CDATA[logged out]]>
            </line>
          </reporter-output>
        </test-method> <!-- logOut -->
        <test-method is-config="true" signature="closeBrowser()[pri:0, instance:com.Actitime.TestScripts.Create_Customer@f736069]" started-at="2023-06-05T10:14:10 IST" name="closeBrowser" finished-at="2023-06-05T10:14:10 IST" duration-ms="187" status="PASS">
          <reporter-output>
            <line>
              <![CDATA[browser closed]]>
            </line>
          </reporter-output>
        </test-method> <!-- closeBrowser -->
        <test-method is-config="true" signature="dataBaseDisconnect()[pri:0, instance:com.Actitime.TestScripts.Create_Customer@f736069]" started-at="2023-06-05T10:14:10 IST" name="dataBaseDisconnect" finished-at="2023-06-05T10:14:10 IST" duration-ms="0" status="PASS">
          <reporter-output>
            <line>
              <![CDATA[database discoonected]]>
            </line>
          </reporter-output>
        </test-method> <!-- dataBaseDisconnect -->
      </class> <!-- com.Actitime.TestScripts.Create_Customer -->
    </test> <!-- Default test -->
  </suite> <!-- Default suite -->
</testng-results>
